<?xml version="1.0" encoding="UTF-8"?>
<testng-results ignored="0" total="1" passed="1" failed="0" skipped="0">
  <reporter-output>
  </reporter-output>
  <suite started-at="2023-12-20T22:35:00 CET" name="User" finished-at="2023-12-20T22:35:18 CET" duration-ms="17833">
    <groups>
    </groups>
    <test started-at="2023-12-20T22:35:00 CET" name="User" finished-at="2023-12-20T22:35:18 CET" duration-ms="17833">
      <class name="tests.TextBoxTests">
        <test-method is-config="true" signature="init()[pri:0, instance:tests.TextBoxTests@4df50bcc]" started-at="2023-12-20T22:35:00 CET" name="init" finished-at="2023-12-20T22:35:18 CET" duration-ms="17118" status="PASS">
          <reporter-output>
          </reporter-output>
        </test-method> <!-- init -->
        <test-method is-config="true" signature="precondition()[pri:0, instance:tests.TextBoxTests@4df50bcc]" started-at="2023-12-20T22:35:18 CET" name="precondition" finished-at="2023-12-20T22:35:18 CET" duration-ms="160" status="PASS">
          <reporter-output>
          </reporter-output>
        </test-method> <!-- precondition -->
        <test-method signature="keyBoardEventTest(java.lang.String,java.lang.String,java.lang.String)[pri:0, instance:tests.TextBoxTests@4df50bcc]" started-at="2023-12-20T22:35:18 CET" name="keyBoardEventTest" finished-at="2023-12-20T22:35:18 CET" duration-ms="525" status="PASS">
          <params>
            <param index="0">
              <value>
                <![CDATA[Till Lindemann]]>
              </value>
            </param>
            <param index="1">
              <value>
                <![CDATA[till@gm.com]]>
              </value>
            </param>
            <param index="2">
              <value>
                <![CDATA[Simonring 20]]>
              </value>
            </param>
          </params>
          <reporter-output>
          </reporter-output>
        </test-method> <!-- keyBoardEventTest -->
      </class> <!-- tests.TextBoxTests -->
    </test> <!-- User -->
  </suite> <!-- User -->
</testng-results>
